<?xml version="1.0" encoding="UTF-8"?>
<!-- Generated by org.testng.reporters.JUnitReportReporter -->
<testsuite skipped="0" hostname="Ferhans-Air.home" name="page_objects_test.IzaanHomePageTest" tests="1" failures="0" timestamp="14 May 2020 02:52:53 GMT" time="22.514" errors="0">
  <testcase name="findSignIn" time="22.514" classname="page_objects_test.IzaanHomePageTest"/>
</testsuite> <!-- page_objects_test.IzaanHomePageTest -->
